<?xml version="1.0" encoding="UTF-8"?>
<!-- Generated by org.testng.reporters.JUnitXMLReporter -->
<testsuite hostname="SandeepGupta-PC" ignored="0" name="Selenium Chrome Browser" tests="4" failures="0" timestamp="2021-06-02T16:56:02 IST" time="30.998" errors="0">
  <testcase name="runScenario" time="23.422" classname="io.cucumber.testng.AbstractTestNGCucumberTests"/>
  <testcase name="runScenario" time="23.98" classname="io.cucumber.testng.AbstractTestNGCucumberTests"/>
  <testcase name="runScenario" time="24.113" classname="io.cucumber.testng.AbstractTestNGCucumberTests"/>
  <testcase name="runScenario" time="30.148" classname="io.cucumber.testng.AbstractTestNGCucumberTests"/>
</testsuite> <!-- Selenium Chrome Browser -->
