<?xml version="1.0" encoding="UTF-8"?>
<testng-results skipped="0" failed="0" ignored="0" total="4" passed="4">
  <reporter-output>
  </reporter-output>
  <suite name="SeleniumCucumber" duration-ms="30998" started-at="2021-06-02T16:55:31 IST" finished-at="2021-06-02T16:56:02 IST">
    <groups>
      <group name="cucumber">
        <method signature="AbstractTestNGCucumberTests.runScenario(io.cucumber.testng.PickleWrapper,io.cucumber.testng.FeatureWrapper)[pri:0, instance:com.selenium.runner.Runner@2641e737]" name="runScenario" class="io.cucumber.testng.AbstractTestNGCucumberTests"/>
      </group> <!-- cucumber -->
    </groups>
    <test name="Selenium Chrome Browser" duration-ms="30998" started-at="2021-06-02T16:55:31 IST" finished-at="2021-06-02T16:56:02 IST">
      <class name="com.selenium.runner.Runner">
        <test-method status="PASS" signature="beforeSuite()[pri:0, instance:com.selenium.runner.Runner@2641e737]" name="beforeSuite" is-config="true" duration-ms="17" started-at="2021-06-02T16:55:31 IST" finished-at="2021-06-02T16:55:31 IST">
          <reporter-output>
          </reporter-output>
        </test-method> <!-- beforeSuite -->
        <test-method status="PASS" signature="beforeTest()[pri:0, instance:com.selenium.runner.Runner@2641e737]" name="beforeTest" is-config="true" duration-ms="1" started-at="2021-06-02T16:55:31 IST" finished-at="2021-06-02T16:55:31 IST">
          <reporter-output>
          </reporter-output>
        </test-method> <!-- beforeTest -->
        <test-method status="PASS" signature="setUpClass()[pri:0, instance:com.selenium.runner.Runner@2641e737]" name="setUpClass" is-config="true" duration-ms="737" started-at="2021-06-02T16:55:31 IST" finished-at="2021-06-02T16:55:31 IST">
          <reporter-output>
          </reporter-output>
        </test-method> <!-- setUpClass -->
        <test-method status="PASS" signature="runScenario(io.cucumber.testng.PickleWrapper,io.cucumber.testng.FeatureWrapper)[pri:0, instance:com.selenium.runner.Runner@2641e737]" name="runScenario" duration-ms="23980" started-at="2021-06-02T16:55:32 IST" description="Runs Cucumber Scenarios" data-provider="scenarios" finished-at="2021-06-02T16:55:55 IST">
          <params>
            <param index="0">
              <value>
                <![CDATA["Test launch of driver"]]>
              </value>
            </param>
            <param index="1">
              <value>
                <![CDATA["Optional[Test Run]"]]>
              </value>
            </param>
          </params>
          <reporter-output>
          </reporter-output>
        </test-method> <!-- runScenario -->
        <test-method status="PASS" signature="runScenario(io.cucumber.testng.PickleWrapper,io.cucumber.testng.FeatureWrapper)[pri:0, instance:com.selenium.runner.Runner@2641e737]" name="runScenario" duration-ms="23422" started-at="2021-06-02T16:55:32 IST" description="Runs Cucumber Scenarios" data-provider="scenarios" finished-at="2021-06-02T16:55:55 IST">
          <params>
            <param index="0">
              <value>
                <![CDATA["Test launch of heroku app"]]>
              </value>
            </param>
            <param index="1">
              <value>
                <![CDATA["Optional[Test Run]"]]>
              </value>
            </param>
          </params>
          <reporter-output>
          </reporter-output>
        </test-method> <!-- runScenario -->
        <test-method status="PASS" signature="runScenario(io.cucumber.testng.PickleWrapper,io.cucumber.testng.FeatureWrapper)[pri:0, instance:com.selenium.runner.Runner@2641e737]" name="runScenario" duration-ms="30148" started-at="2021-06-02T16:55:32 IST" description="Runs Cucumber Scenarios" data-provider="scenarios" finished-at="2021-06-02T16:56:02 IST">
          <params>
            <param index="0">
              <value>
                <![CDATA["Test launch of driver"]]>
              </value>
            </param>
            <param index="1">
              <value>
                <![CDATA["Optional[Test Run]"]]>
              </value>
            </param>
          </params>
          <reporter-output>
          </reporter-output>
        </test-method> <!-- runScenario -->
        <test-method status="PASS" signature="runScenario(io.cucumber.testng.PickleWrapper,io.cucumber.testng.FeatureWrapper)[pri:0, instance:com.selenium.runner.Runner@2641e737]" name="runScenario" duration-ms="24113" started-at="2021-06-02T16:55:32 IST" description="Runs Cucumber Scenarios" data-provider="scenarios" finished-at="2021-06-02T16:55:56 IST">
          <params>
            <param index="0">
              <value>
                <![CDATA["Test launch of driver"]]>
              </value>
            </param>
            <param index="1">
              <value>
                <![CDATA["Optional[Test Run]"]]>
              </value>
            </param>
          </params>
          <reporter-output>
          </reporter-output>
        </test-method> <!-- runScenario -->
        <test-method status="PASS" signature="tearDownClass()[pri:0, instance:com.selenium.runner.Runner@2641e737]" name="tearDownClass" is-config="true" duration-ms="25" started-at="2021-06-02T16:56:02 IST" finished-at="2021-06-02T16:56:02 IST">
          <reporter-output>
          </reporter-output>
        </test-method> <!-- tearDownClass -->
        <test-method status="PASS" signature="afterTest()[pri:0, instance:com.selenium.runner.Runner@2641e737]" name="afterTest" is-config="true" duration-ms="1" started-at="2021-06-02T16:56:02 IST" finished-at="2021-06-02T16:56:02 IST">
          <reporter-output>
          </reporter-output>
        </test-method> <!-- afterTest -->
        <test-method status="PASS" signature="afterSuite()[pri:0, instance:com.selenium.runner.Runner@2641e737]" name="afterSuite" is-config="true" duration-ms="1" started-at="2021-06-02T16:56:02 IST" finished-at="2021-06-02T16:56:02 IST">
          <reporter-output>
          </reporter-output>
        </test-method> <!-- afterSuite -->
      </class> <!-- com.selenium.runner.Runner -->
    </test> <!-- Selenium Chrome Browser -->
  </suite> <!-- SeleniumCucumber -->
</testng-results>
